<?xml version="1.0" encoding="UTF-8"?>
<!-- Generated by org.testng.reporters.JUnitReportReporter -->
<testsuite skipped="0" hostname="Malhan" name="TestNG.testDemo" tests="1" failures="0" timestamp="20 Nov 2018 08:12:45 GMT" time="15.147" errors="0">
  <testcase name="GoogleSearch" time="15.147" classname="TestNG.testDemo"/>
</testsuite> <!-- TestNG.testDemo -->
